#
# There is insufficient memory for the Java Runtime Environment to continue.
# Native memory allocation (mmap) failed to map 134217728 bytes for G1 virtual space
# Possible reasons:
#   The system is out of physical RAM or swap space
#   The process is running with CompressedOops enabled, and the Java Heap may be blocking the growth of the native heap
# Possible solutions:
#   Reduce memory load on the system
#   Increase physical memory or swap space
#   Check if swap backing store is full
#   Decrease Java heap size (-Xmx/-Xms)
#   Decrease number of Java threads
#   Decrease Java thread stack sizes (-Xss)
#   Set larger code cache with -XX:ReservedCodeCacheSize=
#   JVM is running with Unscaled Compressed Oops mode in which the Java heap is
#     placed in the first 4GB address space. The Java Heap base address is the
#     maximum limit for the native heap growth. Please use -XX:HeapBaseMinAddress
#     to set the Java Heap base and to place the Java Heap above 4GB virtual address.
# This output file may be truncated or incomplete.
#
#  Out of Memory Error (os_windows.cpp:3825), pid=3892, tid=5960
#
# JRE version:  (17.0.10+1) (build )
# Java VM: OpenJDK 64-Bit Server VM (17.0.10+1-b1087.23, mixed mode, sharing, tiered, compressed oops, compressed class ptrs, g1 gc, windows-amd64)
# No core dump will be written. Minidumps are not enabled by default on client versions of Windows
#

---------------  S U M M A R Y ------------

Command Line: -Djava.rmi.server.hostname=127.0.0.1 -Duser.timezone=UTC -Xmx2048m -Xms128m -Djdbc.classpath=C:\Program Files\JetBrains\IntelliJ IDEA 2023.3.6\plugins\DatabaseTools\lib\jdbc-console.jar --add-exports=java.desktop/sun.awt=ALL-UNNAMED --add-exports=java.desktop/java.awt.peer=ALL-UNNAMED --add-opens=java.desktop/java.awt=ALL-UNNAMED --add-opens=jdk.unsupported/sun.misc=ALL-UNNAMED --add-opens=java.base/java.nio=ALL-UNNAMED --add-opens=java.base/java.util=ALL-UNNAMED -Dfile.encoding=UTF-8 com.intellij.database.remote.RemoteJdbcServer com.mysql.cj.jdbc.Driver

Host: AMD Athlon(tm) II X4 640 Processor, 4 cores, 3G,  Windows 10 , 64 bit Build 19041 (10.0.19041.3636)
Time: Tue Apr  2 10:43:27 2024 Hora oficial do Brasil elapsed time: 0.839054 seconds (0d 0h 0m 0s)

---------------  T H R E A D  ---------------

Current thread (0x000001df26694340):  JavaThread "Unknown thread" [_thread_in_vm, id=5960, stack(0x0000003280b00000,0x0000003280c00000)]

Stack: [0x0000003280b00000,0x0000003280c00000]
Native frames: (J=compiled Java code, j=interpreted, Vv=VM code, C=native code)
V  [jvm.dll+0x688a29]
V  [jvm.dll+0x84216a]
V  [jvm.dll+0x843dae]
V  [jvm.dll+0x844413]
V  [jvm.dll+0x24ba8f]
V  [jvm.dll+0x6857f9]
V  [jvm.dll+0x67a0aa]
V  [jvm.dll+0x30c7eb]
V  [jvm.dll+0x313c96]
V  [jvm.dll+0x363a2e]
V  [jvm.dll+0x363c5f]
V  [jvm.dll+0x2e25b8]
V  [jvm.dll+0x2e3524]
V  [jvm.dll+0x812cd1]
V  [jvm.dll+0x3718e1]
V  [jvm.dll+0x7f1836]
V  [jvm.dll+0x3f553f]
V  [jvm.dll+0x3f7171]
C  [jli.dll+0x528f]
C  [ucrtbase.dll+0x21bb2]
C  [KERNEL32.DLL+0x17344]
C  [ntdll.dll+0x526b1]


---------------  P R O C E S S  ---------------

Threads class SMR info:
_java_thread_list=0x00007ffc87bfef58, length=0, elements={
}

Java Threads: ( => current thread )

Other Threads:
  0x000001df266f1d20 GCTaskThread "GC Thread#0" [stack: 0x0000003280c00000,0x0000003280d00000] [id=8636]
  0x000001df26702a80 ConcurrentGCThread "G1 Main Marker" [stack: 0x0000003280d00000,0x0000003280e00000] [id=11448]
  0x000001df267032b0 ConcurrentGCThread "G1 Conc#0" [stack: 0x0000003280e00000,0x0000003280f00000] [id=10696]

[error occurred during error reporting (printing all threads), id 0xc0000005, EXCEPTION_ACCESS_VIOLATION (0xc0000005) at pc=0x00007ffc873b3187]

VM state: not at safepoint (not fully initialized)

VM Mutex/Monitor currently owned by a thread:  ([mutex/lock_event])
[0x000001df266903f0] Heap_lock - owner thread: 0x000001df26694340

Heap address: 0x0000000080000000, size: 2048 MB, Compressed Oops mode: 32-bit

CDS archive(s) mapped at: [0x0000000000000000-0x0000000000000000-0x0000000000000000), size 0, SharedBaseAddress: 0x0000000800000000, ArchiveRelocationMode: 1.
Narrow klass base: 0x0000000000000000, Narrow klass shift: 0, Narrow klass range: 0x0

GC Precious Log:
<Empty>

Heap:
 garbage-first heap   total 0K, used 0K [0x0000000080000000, 0x0000000100000000)
  region size 1024K, 0 young (0K), 0 survivors (0K)
 Metaspace       used 0K, committed 0K, reserved 0K
  class space    used 0K, committed 0K, reserved 0K

Heap Regions: E=young(eden), S=young(survivor), O=old, HS=humongous(starts), HC=humongous(continues), CS=collection set, F=free, OA=open archive, CA=closed archive, TAMS=top-at-mark-start (previous, next)

Card table byte_map: [0x000001df39210000,0x000001df39610000] _byte_map_base: 0x000001df38e10000

Marking Bits (Prev, Next): (CMBitMap*) 0x000001df266f2150, (CMBitMap*) 0x000001df266f2190
 Prev Bits: [0x000001df39a10000, 0x000001df3ba10000)
 Next Bits: [0x000001df3ba10000, 0x000001df3da10000)

GC Heap History (0 events):
No events

Dll operation events (1 events):
Event: 0.323 Loaded shared library C:\Program Files\JetBrains\IntelliJ IDEA 2023.3.6\jbr\bin\java.dll

Deoptimization events (0 events):
No events

Classes unloaded (0 events):
No events

Classes redefined (0 events):
No events

Internal exceptions (0 events):
No events

VM Operations (0 events):
No events

Events (0 events):
No events


Dynamic libraries:
0x00007ff652b80000 - 0x00007ff652b8a000 	C:\Program Files\JetBrains\IntelliJ IDEA 2023.3.6\jbr\bin\java.exe
0x00007ffcb40b0000 - 0x00007ffcb42a8000 	C:\Windows\SYSTEM32\ntdll.dll
0x00007ffcb36c0000 - 0x00007ffcb377d000 	C:\Windows\System32\KERNEL32.DLL
0x00007ffcb1920000 - 0x00007ffcb1c16000 	C:\Windows\System32\KERNELBASE.dll
0x00007ffcb1d40000 - 0x00007ffcb1e40000 	C:\Windows\System32\ucrtbase.dll
0x00007ffc9b000000 - 0x00007ffc9b017000 	C:\Program Files\JetBrains\IntelliJ IDEA 2023.3.6\jbr\bin\jli.dll
0x00007ffca8220000 - 0x00007ffca823b000 	C:\Program Files\JetBrains\IntelliJ IDEA 2023.3.6\jbr\bin\VCRUNTIME140.dll
0x00007ffcb22b0000 - 0x00007ffcb244e000 	C:\Windows\System32\USER32.dll
0x00007ffcb1c70000 - 0x00007ffcb1c92000 	C:\Windows\System32\win32u.dll
0x00007ffcb3400000 - 0x00007ffcb342b000 	C:\Windows\System32\GDI32.dll
0x00007ffcb1790000 - 0x00007ffcb18a7000 	C:\Windows\System32\gdi32full.dll
0x00007ffcb1ca0000 - 0x00007ffcb1d3d000 	C:\Windows\System32\msvcp_win.dll
0x00007ffca9f10000 - 0x00007ffcaa1aa000 	C:\Windows\WinSxS\amd64_microsoft.windows.common-controls_6595b64144ccf1df_6.0.19041.3636_none_60b6a03d71f818d5\COMCTL32.dll
0x00007ffcb3020000 - 0x00007ffcb30be000 	C:\Windows\System32\msvcrt.dll
0x00007ffcb2270000 - 0x00007ffcb22a2000 	C:\Windows\System32\IMM32.DLL
0x00007ffca8210000 - 0x00007ffca821c000 	C:\Program Files\JetBrains\IntelliJ IDEA 2023.3.6\jbr\bin\vcruntime140_1.dll
0x00007ffc9d600000 - 0x00007ffc9d68d000 	C:\Program Files\JetBrains\IntelliJ IDEA 2023.3.6\jbr\bin\msvcp140.dll
0x00007ffc870c0000 - 0x00007ffc87d43000 	C:\Program Files\JetBrains\IntelliJ IDEA 2023.3.6\jbr\bin\server\jvm.dll
0x00007ffcb3350000 - 0x00007ffcb3400000 	C:\Windows\System32\ADVAPI32.dll
0x00007ffcb24b0000 - 0x00007ffcb2550000 	C:\Windows\System32\sechost.dll
0x00007ffcb3590000 - 0x00007ffcb36b5000 	C:\Windows\System32\RPCRT4.dll
0x00007ffcb1760000 - 0x00007ffcb1787000 	C:\Windows\System32\bcrypt.dll
0x00007ffcaa570000 - 0x00007ffcaa57a000 	C:\Windows\SYSTEM32\VERSION.dll
0x00007ffcaa430000 - 0x00007ffcaa457000 	C:\Windows\SYSTEM32\WINMM.dll
0x00007ffcb1510000 - 0x00007ffcb155b000 	C:\Windows\SYSTEM32\POWRPROF.dll
0x00007ffca1d00000 - 0x00007ffca1d09000 	C:\Windows\SYSTEM32\WSOCK32.dll
0x00007ffcb3800000 - 0x00007ffcb386b000 	C:\Windows\System32\ws2_32.DLL
0x00007ffcb14f0000 - 0x00007ffcb1502000 	C:\Windows\SYSTEM32\UMPDC.dll
0x00007ffcaf5f0000 - 0x00007ffcaf602000 	C:\Windows\SYSTEM32\kernel.appcore.dll
0x00007ffca2790000 - 0x00007ffca279a000 	C:\Program Files\JetBrains\IntelliJ IDEA 2023.3.6\jbr\bin\jimage.dll
0x00007ffc9f640000 - 0x00007ffc9f824000 	C:\Windows\SYSTEM32\DBGHELP.DLL
0x00007ffc9f4b0000 - 0x00007ffc9f4e4000 	C:\Windows\SYSTEM32\dbgcore.DLL
0x00007ffcb1e40000 - 0x00007ffcb1ec2000 	C:\Windows\System32\bcryptPrimitives.dll
0x00007ffc92cb0000 - 0x00007ffc92cd5000 	C:\Program Files\JetBrains\IntelliJ IDEA 2023.3.6\jbr\bin\java.dll

dbghelp: loaded successfully - version: 4.0.5 - missing functions: none
symbol engine: initialized successfully - sym options: 0x614 - pdb path: .;C:\Program Files\JetBrains\IntelliJ IDEA 2023.3.6\jbr\bin;C:\Windows\SYSTEM32;C:\Windows\WinSxS\amd64_microsoft.windows.common-controls_6595b64144ccf1df_6.0.19041.3636_none_60b6a03d71f818d5;C:\Program Files\JetBrains\IntelliJ IDEA 2023.3.6\jbr\bin\server

VM Arguments:
jvm_args: -Djava.rmi.server.hostname=127.0.0.1 -Duser.timezone=UTC -Xmx2048m -Xms128m -Djdbc.classpath=C:\Program Files\JetBrains\IntelliJ IDEA 2023.3.6\plugins\DatabaseTools\lib\jdbc-console.jar --add-exports=java.desktop/sun.awt=ALL-UNNAMED --add-exports=java.desktop/java.awt.peer=ALL-UNNAMED --add-opens=java.desktop/java.awt=ALL-UNNAMED --add-opens=jdk.unsupported/sun.misc=ALL-UNNAMED --add-opens=java.base/java.nio=ALL-UNNAMED --add-opens=java.base/java.util=ALL-UNNAMED -Dfile.encoding=UTF-8 
java_command: com.intellij.database.remote.RemoteJdbcServer com.mysql.cj.jdbc.Driver
java_class_path (initial): C:\Program Files\JetBrains\IntelliJ IDEA 2023.3.6\lib\util_rt.jar;C:\Program Files\JetBrains\IntelliJ IDEA 2023.3.6\lib\util-8.jar;C:\Program Files\JetBrains\IntelliJ IDEA 2023.3.6\lib\groovy.jar;C:\Program Files\JetBrains\IntelliJ IDEA 2023.3.6\plugins\DatabaseTools\lib\jdbc-console.jar;C:\Program Files\JetBrains\IntelliJ IDEA 2023.3.6\plugins\grid-core-impl\lib\jdbc-console-types.jar;C:\Program Files\JetBrains\IntelliJ IDEA 2023.3.6\lib\util.jar
Launcher Type: SUN_STANDARD

[Global flags]
     intx CICompilerCount                          = 3                                         {product} {ergonomic}
     uint ConcGCThreads                            = 1                                         {product} {ergonomic}
     uint G1ConcRefinementThreads                  = 4                                         {product} {ergonomic}
   size_t G1HeapRegionSize                         = 1048576                                   {product} {ergonomic}
    uintx GCDrainStackTargetSize                   = 64                                        {product} {ergonomic}
   size_t InitialHeapSize                          = 134217728                                 {product} {command line}
   size_t MarkStackSize                            = 4194304                                   {product} {ergonomic}
   size_t MaxHeapSize                              = 2147483648                                {product} {command line}
   size_t MinHeapDeltaBytes                        = 1048576                                   {product} {ergonomic}
   size_t MinHeapSize                              = 134217728                                 {product} {command line}
    uintx NonNMethodCodeHeapSize                   = 5832780                                {pd product} {ergonomic}
    uintx NonProfiledCodeHeapSize                  = 122912730                              {pd product} {ergonomic}
    uintx ProfiledCodeHeapSize                     = 122912730                              {pd product} {ergonomic}
    uintx ReservedCodeCacheSize                    = 251658240                              {pd product} {ergonomic}
     bool SegmentedCodeCache                       = true                                      {product} {ergonomic}
   size_t SoftMaxHeapSize                          = 2147483648                             {manageable} {ergonomic}
     bool UseCompressedClassPointers               = true                           {product lp64_product} {ergonomic}
     bool UseCompressedOops                        = true                           {product lp64_product} {ergonomic}
     bool UseG1GC                                  = true                                      {product} {ergonomic}
     bool UseLargePagesIndividualAllocation        = false                                  {pd product} {ergonomic}

Logging:
Log output configuration:
 #0: stdout all=warning uptime,level,tags
 #1: stderr all=off uptime,level,tags

Environment Variables:
JAVA_HOME=C:\Program Files\OpenJDK\jdk-21.0.2
CLASSPATH=.;
PATH=C:\Python27\;C:\Python27\Scripts;C:\Windows\system32;C:\Windows;C:\Windows\System32\Wbem;C:\Windows\System32\WindowsPowerShell\v1.0\;C:\Windows\System32\OpenSSH\;C:\Program Files\Microsoft VS Code\bin;C:\Program Files\Git\cmd;C:\Program Files\Git\mingw64\bin;C:\Program Files\Git\usr\bin;C:\ProgramData\chocolatey\bin;C:\Program Files\dotnet\;C:\Program Files (x86)\dotnet\;C:\Program Files\Java\jdk1.8.0_211\bin;C:\Android\android-sdk\tools;C:\Android\android-sdk\platform-tools;C:\Android\android-sdk\tools\bin;C:\Users\home\AppData\Roaming\nvm;C:\Program Files\nodejs;C:\tools\php81;C:\tools\php74;C:\boss\windows-amd64;C:\Program Files\OpenJDK\jdk-21.0.2\bin;C:\Users\home\AppData\Local\Programs\Python\Launcher\;C:\Users\home\AppData\Local\Microsoft\WindowsApps;C:\Users\home\AppData\Roaming\npm;C:\Users\home\AppData\Roaming\nvm;C:\Program Files\nodejs;C:\Program Files\JetBrains\IntelliJ IDEA 2023.3.6\bin;
USERNAME=home
OS=Windows_NT
PROCESSOR_IDENTIFIER=AMD64 Family 16 Model 5 Stepping 3, AuthenticAMD
TMP=C:\Users\home\AppData\Local\Temp
TEMP=C:\Users\home\AppData\Local\Temp



Periodic native trim disabled

JNI global refs:
JNI global refs: 0, weak refs: 0

JNI global refs memory usage: 0, weak refs: 0

OOME stack traces (most recent first):
Classloader memory used:


---------------  S Y S T E M  ---------------

OS:
 Windows 10 , 64 bit Build 19041 (10.0.19041.3636)
OS uptime: 0 days 2:39 hours
Hyper-V role detected

CPU: total 4 (initial active 4) (4 cores per cpu, 1 threads per core) family 16 model 5 stepping 3 microcode 0x0, cx8, cmov, fxsr, mmx, 3dnowpref, sse, sse2, sse3, sse4a, popcnt, lzcnt, tsc, tscinvbit, clflush, hv
Processor Information for all 4 processors :
  Max Mhz: 3000, Current Mhz: 3000, Mhz Limit: 3000

Memory: 4k page, system-wide physical 3839M (233M free)
TotalPageFile size 9393M (AvailPageFile size 105M)
current process WorkingSet (physical memory assigned to process): 10M, peak: 10M
current process commit charge ("private bytes"): 51M, peak: 179M

vm_info: OpenJDK 64-Bit Server VM (17.0.10+1-b1087.23) for windows-amd64 JRE (17.0.10+1-b1087.23), built on 2024-03-18 by "builduser" with MS VC++ 16.10 / 16.11 (VS2019)

END.
